# JRE version: Java(TM) SE Runtime Environment 18.9 (11.0.17+10) (build 11.0.17+10-LTS-269)
# Java VM: Java HotSpot(TM) 64-Bit Server VM 18.9 (11.0.17+10-LTS-269, mixed mode, tiered, compressed oops, g1 gc, linux-amd64)
Heap:
 garbage-first heap   total 122880K, used 37370K [0x0000000088a00000, 0x0000000100000000)
  region size 1024K, 33 young (33792K), 4 survivors (4096K)
 Metaspace       used 32531K, capacity 33471K, committed 33664K, reserved 1079296K
  class space    used 4201K, capacity 4624K, committed 4736K, reserved 1048576K
GC Heap History (6 events):
Event: 0.802 GC heap before
{Heap before GC invocations=0 (full 0):
 garbage-first heap   total 122880K, used 13312K [0x0000000088a00000, 0x0000000100000000)
  region size 1024K, 14 young (14336K), 0 survivors (0K)
 Metaspace       used 11829K, capacity 12184K, committed 12416K, reserved 1060864K
  class space    used 1156K, capacity 1317K, committed 1408K, reserved 1048576K
}
Event: 0.812 GC heap after
{Heap after GC invocations=1 (full 0):
 garbage-first heap   total 122880K, used 3196K [0x0000000088a00000, 0x0000000100000000)
  region size 1024K, 2 young (2048K), 2 survivors (2048K)
 Metaspace       used 11829K, capacity 12184K, committed 12416K, reserved 1060864K
  class space    used 1156K, capacity 1317K, committed 1408K, reserved 1048576K
}
Event: 0.999 GC heap before
{Heap before GC invocations=1 (full 0):
 garbage-first heap   total 122880K, used 10364K [0x0000000088a00000, 0x0000000100000000)
  region size 1024K, 9 young (9216K), 2 survivors (2048K)
 Metaspace       used 14232K, capacity 14646K, committed 14848K, reserved 1062912K
  class space    used 1530K, capacity 1710K, committed 1792K, reserved 1048576K
}
Event: 1.003 GC heap after
{Heap after GC invocations=2 (full 0):
 garbage-first heap   total 122880K, used 4185K [0x0000000088a00000, 0x0000000100000000)
  region size 1024K, 1 young (1024K), 1 survivors (1024K)
 Metaspace       used 14232K, capacity 14646K, committed 14848K, reserved 1062912K
  class space    used 1530K, capacity 1710K, committed 1792K, reserved 1048576K
}
Event: 1.552 GC heap before
{Heap before GC invocations=2 (full 0):
 garbage-first heap   total 122880K, used 25689K [0x0000000088a00000, 0x0000000100000000)
  region size 1024K, 23 young (23552K), 1 survivors (1024K)
 Metaspace       used 20506K, capacity 21072K, committed 21248K, reserved 1067008K
  class space    used 2563K, capacity 2811K, committed 2816K, reserved 1048576K
}
Event: 1.557 GC heap after
{Heap after GC invocations=3 (full 0):
 garbage-first heap   total 122880K, used 7674K [0x0000000088a00000, 0x0000000100000000)
  region size 1024K, 4 young (4096K), 4 survivors (4096K)
 Metaspace       used 20506K, capacity 21072K, committed 21248K, reserved 1067008K
  class space    used 2563K, capacity 2811K, committed 2816K, reserved 1048576K
}

