# JRE version: Java(TM) SE Runtime Environment 18.9 (11.0.17+10) (build 11.0.17+10-LTS-269)
# Java VM: Java HotSpot(TM) 64-Bit Server VM 18.9 (11.0.17+10-LTS-269, mixed mode, tiered, compressed oops, g1 gc, linux-amd64)
Heap:
 garbage-first heap   total 122880K, used 38325K [0x0000000088a00000, 0x0000000100000000)
  region size 1024K, 33 young (33792K), 4 survivors (4096K)
 Metaspace       used 32577K, capacity 33471K, committed 33664K, reserved 1079296K
  class space    used 4201K, capacity 4624K, committed 4736K, reserved 1048576K
GC Heap History (6 events):
Event: 0.792 GC heap before
{Heap before GC invocations=0 (full 0):
 garbage-first heap   total 122880K, used 14336K [0x0000000088a00000, 0x0000000100000000)
  region size 1024K, 14 young (14336K), 0 survivors (0K)
 Metaspace       used 12003K, capacity 12355K, committed 12672K, reserved 1060864K
  class space    used 1189K, capacity 1353K, committed 1408K, reserved 1048576K
}
Event: 0.822 GC heap after
{Heap after GC invocations=1 (full 0):
 garbage-first heap   total 122880K, used 3701K [0x0000000088a00000, 0x0000000100000000)
  region size 1024K, 2 young (2048K), 2 survivors (2048K)
 Metaspace       used 12003K, capacity 12355K, committed 12672K, reserved 1060864K
  class space    used 1189K, capacity 1353K, committed 1408K, reserved 1048576K
}
Event: 0.978 GC heap before
{Heap before GC invocations=1 (full 0):
 garbage-first heap   total 122880K, used 8821K [0x0000000088a00000, 0x0000000100000000)
  region size 1024K, 7 young (7168K), 2 survivors (2048K)
 Metaspace       used 14019K, capacity 14354K, committed 14592K, reserved 1062912K
  class space    used 1505K, capacity 1678K, committed 1792K, reserved 1048576K
}
Event: 0.981 GC heap after
{Heap after GC invocations=2 (full 0):
 garbage-first heap   total 122880K, used 4282K [0x0000000088a00000, 0x0000000100000000)
  region size 1024K, 1 young (1024K), 1 survivors (1024K)
 Metaspace       used 14019K, capacity 14354K, committed 14592K, reserved 1062912K
  class space    used 1505K, capacity 1678K, committed 1792K, reserved 1048576K
}
Event: 1.525 GC heap before
{Heap before GC invocations=2 (full 0):
 garbage-first heap   total 122880K, used 25786K [0x0000000088a00000, 0x0000000100000000)
  region size 1024K, 23 young (23552K), 1 survivors (1024K)
 Metaspace       used 20488K, capacity 21007K, committed 21248K, reserved 1067008K
  class space    used 2563K, capacity 2811K, committed 2816K, reserved 1048576K
}
Event: 1.530 GC heap after
{Heap after GC invocations=3 (full 0):
 garbage-first heap   total 122880K, used 7605K [0x0000000088a00000, 0x0000000100000000)
  region size 1024K, 4 young (4096K), 4 survivors (4096K)
 Metaspace       used 20488K, capacity 21007K, committed 21248K, reserved 1067008K
  class space    used 2563K, capacity 2811K, committed 2816K, reserved 1048576K
}

